<?xml version="1.0" encoding="UTF-8"?>
<!-- Generated by org.testng.reporters.JUnitReportReporter -->
<testsuite skipped="0" hostname="LAPTOP-INV4FEQ8" name="com.ap.qa.testcases.LoginPageTest" tests="2" failures="0" timestamp="2022-10-27T21:52:15 EDT" time="10.072" errors="0">
  <testcase name="validateLoginPageTitleTest" time="3.958" classname="com.ap.qa.testcases.LoginPageTest"/>
  <system-out/>
  <testcase name="validateLoginPageCurrentUrlTest" time="6.114" classname="com.ap.qa.testcases.LoginPageTest"/>
  <system-out/>
</testsuite> <!-- com.ap.qa.testcases.LoginPageTest -->
