<?xml version="1.0" encoding="UTF-8"?>
<!-- Generated by org.testng.reporters.JUnitReportReporter -->
<testsuite skipped="0" hostname="LAPTOP-INV4FEQ8" name="com.ap.qa.testcases.IndexPageTest" tests="6" failures="0" timestamp="2022-10-27T21:25:11 EDT" time="29.358" errors="0">
  <testcase name="validateLogoIconTest" time="4.328" classname="com.ap.qa.testcases.IndexPageTest"/>
  <system-out/>
  <testcase name="validateIndexPageCurrentUrlTest" time="3.342" classname="com.ap.qa.testcases.IndexPageTest"/>
  <system-out/>
  <testcase name="validateIndexPageTitleTest" time="6.909" classname="com.ap.qa.testcases.IndexPageTest"/>
  <system-out/>
  <testcase name="clickOnSignInLinkTest" time="6.403" classname="com.ap.qa.testcases.IndexPageTest"/>
  <system-out/>
  <testcase name="searchProductBoxTest" time="3.545" classname="com.ap.qa.testcases.IndexPageTest"/>
  <system-out/>
  <testcase name="searchProductSubmitButtonTest" time="4.831" classname="com.ap.qa.testcases.IndexPageTest"/>
  <system-out/>
</testsuite> <!-- com.ap.qa.testcases.IndexPageTest -->
